<?xml version="1.0" encoding="UTF-8"?>
<!-- Generated by org.testng.reporters.JUnitReportReporter -->
<testsuite hostname="U-DD2X5T3" failures="0" tests="1" name="com.udb.allytest.AccessibilityTesting1" time="0.687" errors="0" timestamp="2023-08-17T10:12:56 IST" skipped="0">
  <testcase classname="com.udb.allytest.AccessibilityTesting1" name="testAccesibilityIssuesForChrome" time="0.687"/>
</testsuite> <!-- com.udb.allytest.AccessibilityTesting1 -->
